[1112/103226.180:ERROR:registration_protocol_win.cc(131)] TransactNamedPipe: 管道已结束。 (0x6D)
[1113/102530.558:ERROR:registration_protocol_win.cc(131)] TransactNamedPipe: 管道已结束。 (0x6D)
[1116/101024.331:ERROR:registration_protocol_win.cc(131)] TransactNamedPipe: 管道已结束。 (0x6D)
[1116/152337.011:ERROR:registration_protocol_win.cc(131)] TransactNamedPipe: 管道已结束。 (0x6D)
[1117/152908.372:ERROR:registration_protocol_win.cc(131)] TransactNamedPipe: 管道已结束。 (0x6D)
[1118/115258.199:ERROR:registration_protocol_win.cc(131)] TransactNamedPipe: 管道已结束。 (0x6D)
[1120/150408.829:ERROR:registration_protocol_win.cc(131)] TransactNamedPipe: 管道已结束。 (0x6D)
[1124/164617.397:ERROR:registration_protocol_win.cc(131)] TransactNamedPipe: 管道已结束。 (0x6D)
[1124/173021.105:ERROR:registration_protocol_win.cc(131)] TransactNamedPipe: 管道已结束。 (0x6D)
[1125/155900.095:ERROR:registration_protocol_win.cc(131)] TransactNamedPipe: 管道已结束。 (0x6D)
[1125/173806.554:ERROR:registration_protocol_win.cc(131)] TransactNamedPipe: 管道已结束。 (0x6D)
[1127/144830.086:ERROR:registration_protocol_win.cc(131)] TransactNamedPipe: 管道已结束。 (0x6D)
[1127/151729.607:ERROR:registration_protocol_win.cc(131)] TransactNamedPipe: 管道已结束。 (0x6D)
[1128/140952.981:ERROR:registration_protocol_win.cc(131)] TransactNamedPipe: 管道已结束。 (0x6D)
[1128/171442.409:ERROR:registration_protocol_win.cc(131)] TransactNamedPipe: 管道已结束。 (0x6D)
[1129/171123.032:ERROR:registration_protocol_win.cc(131)] TransactNamedPipe: 管道已结束。 (0x6D)
[1130/102910.879:ERROR:registration_protocol_win.cc(130)] TransactNamedPipe: 管道已结束。 (0x6D)
[1130/104250.083:ERROR:registration_protocol_win.cc(130)] TransactNamedPipe: 管道已结束。 (0x6D)
[1130/191709.213:ERROR:registration_protocol_win.cc(130)] TransactNamedPipe: 管道已结束。 (0x6D)
[1130/220608.415:ERROR:registration_protocol_win.cc(130)] TransactNamedPipe: 管道已结束。 (0x6D)
[1201/104131.073:ERROR:registration_protocol_win.cc(130)] TransactNamedPipe: 管道已结束。 (0x6D)
[1201/142728.952:ERROR:registration_protocol_win.cc(130)] TransactNamedPipe: 管道已结束。 (0x6D)
[1202/103952.080:ERROR:registration_protocol_win.cc(130)] TransactNamedPipe: 管道已结束。 (0x6D)
[1202/140656.553:ERROR:registration_protocol_win.cc(130)] TransactNamedPipe: 管道已结束。 (0x6D)
[1206/213715.330:ERROR:registration_protocol_win.cc(130)] TransactNamedPipe: 管道已结束。 (0x6D)
[1207/162250.878:ERROR:registration_protocol_win.cc(130)] TransactNamedPipe: 管道已结束。 (0x6D)
[1207/165238.852:ERROR:registration_protocol_win.cc(130)] TransactNamedPipe: 管道已结束。 (0x6D)
[1209/162026.892:ERROR:registration_protocol_win.cc(130)] TransactNamedPipe: 管道已结束。 (0x6D)
[1210/145238.518:ERROR:registration_protocol_win.cc(130)] TransactNamedPipe: 管道已结束。 (0x6D)
[1210/150104.020:ERROR:registration_protocol_win.cc(130)] TransactNamedPipe: 管道已结束。 (0x6D)
[1210/165150.894:ERROR:registration_protocol_win.cc(130)] TransactNamedPipe: 管道已结束。 (0x6D)
[1216/104031.477:ERROR:registration_protocol_win.cc(130)] TransactNamedPipe: 管道已结束。 (0x6D)
[1216/171220.796:ERROR:registration_protocol_win.cc(130)] TransactNamedPipe: 管道已结束。 (0x6D)
[1216/213553.458:ERROR:registration_protocol_win.cc(130)] TransactNamedPipe: 管道已结束。 (0x6D)
[1217/111814.263:ERROR:registration_protocol_win.cc(130)] TransactNamedPipe: 管道已结束。 (0x6D)
[1217/112550.381:ERROR:registration_protocol_win.cc(130)] TransactNamedPipe: 管道已结束。 (0x6D)
[1217/174106.633:ERROR:registration_protocol_win.cc(130)] TransactNamedPipe: 管道已结束。 (0x6D)
[1217/180652.849:ERROR:registration_protocol_win.cc(130)] TransactNamedPipe: 管道已结束。 (0x6D)
[1218/181352.371:ERROR:registration_protocol_win.cc(130)] TransactNamedPipe: 管道已结束。 (0x6D)
[1221/105359.308:ERROR:exit_code_watcher_win.cc(87)] Failed to wait for process exit or stop event
[1221/105359.507:ERROR:registration_protocol_win.cc(130)] TransactNamedPipe: 管道已结束。 (0x6D)
[1221/105532.774:ERROR:registration_protocol_win.cc(130)] TransactNamedPipe: 管道已结束。 (0x6D)
[1221/155200.171:ERROR:registration_protocol_win.cc(130)] TransactNamedPipe: 管道已结束。 (0x6D)
[1222/115018.945:ERROR:registration_protocol_win.cc(130)] TransactNamedPipe: 管道已结束。 (0x6D)
[1222/221454.055:ERROR:registration_protocol_win.cc(130)] TransactNamedPipe: 管道已结束。 (0x6D)
[1223/155759.577:ERROR:registration_protocol_win.cc(130)] TransactNamedPipe: 管道已结束。 (0x6D)
[1223/163637.535:ERROR:registration_protocol_win.cc(130)] TransactNamedPipe: 管道已结束。 (0x6D)
[1223/170317.601:ERROR:registration_protocol_win.cc(130)] TransactNamedPipe: 管道已结束。 (0x6D)
[1223/170717.275:ERROR:registration_protocol_win.cc(130)] TransactNamedPipe: 管道已结束。 (0x6D)
[1223/172938.898:ERROR:registration_protocol_win.cc(130)] TransactNamedPipe: 管道已结束。 (0x6D)
[1223/174707.011:ERROR:registration_protocol_win.cc(130)] TransactNamedPipe: 管道已结束。 (0x6D)
[1224/111836.504:ERROR:registration_protocol_win.cc(130)] TransactNamedPipe: 管道已结束。 (0x6D)
[1224/153835.600:ERROR:registration_protocol_win.cc(130)] TransactNamedPipe: 管道已结束。 (0x6D)
[1224/153955.632:ERROR:registration_protocol_win.cc(130)] TransactNamedPipe: 管道已结束。 (0x6D)
[1224/162022.244:ERROR:registration_protocol_win.cc(130)] TransactNamedPipe: 管道已结束。 (0x6D)
[1224/180740.508:ERROR:exit_code_watcher_win.cc(87)] Failed to wait for process exit or stop event
[1224/180740.691:ERROR:registration_protocol_win.cc(130)] TransactNamedPipe: 管道已结束。 (0x6D)
[1224/185534.528:ERROR:registration_protocol_win.cc(130)] TransactNamedPipe: 管道已结束。 (0x6D)
[1229/111657.473:ERROR:registration_protocol_win.cc(130)] TransactNamedPipe: 管道已结束。 (0x6D)
[1230/114846.086:ERROR:registration_protocol_win.cc(130)] TransactNamedPipe: 管道已结束。 (0x6D)
[1231/110127.454:ERROR:registration_protocol_win.cc(130)] TransactNamedPipe: 管道已结束。 (0x6D)
[1231/175648.504:ERROR:registration_protocol_win.cc(130)] TransactNamedPipe: 管道已结束。 (0x6D)
[1231/182852.602:ERROR:registration_protocol_win.cc(130)] TransactNamedPipe: 管道已结束。 (0x6D)
[1231/185602.238:ERROR:registration_protocol_win.cc(130)] TransactNamedPipe: 管道已结束。 (0x6D)
[1231/192624.868:ERROR:registration_protocol_win.cc(130)] TransactNamedPipe: 管道已结束。 (0x6D)
[0104/113842.526:ERROR:registration_protocol_win.cc(130)] TransactNamedPipe: 管道已结束。 (0x6D)
[0104/115027.247:ERROR:registration_protocol_win.cc(130)] TransactNamedPipe: 管道已结束。 (0x6D)
[0104/160642.069:ERROR:registration_protocol_win.cc(130)] TransactNamedPipe: 管道已结束。 (0x6D)
[0107/142901.563:ERROR:registration_protocol_win.cc(130)] TransactNamedPipe: 管道已结束。 (0x6D)
[0107/144403.943:ERROR:registration_protocol_win.cc(130)] TransactNamedPipe: 管道已结束。 (0x6D)
[0107/145345.656:ERROR:registration_protocol_win.cc(130)] TransactNamedPipe: 管道已结束。 (0x6D)
[0107/145620.392:ERROR:registration_protocol_win.cc(130)] TransactNamedPipe: 管道已结束。 (0x6D)
[0107/150723.957:ERROR:registration_protocol_win.cc(130)] TransactNamedPipe: 管道已结束。 (0x6D)
[0107/155904.762:ERROR:registration_protocol_win.cc(130)] TransactNamedPipe: 管道已结束。 (0x6D)
[0111/103607.958:ERROR:registration_protocol_win.cc(130)] TransactNamedPipe: 管道已结束。 (0x6D)
[0111/104031.990:ERROR:registration_protocol_win.cc(130)] TransactNamedPipe: 管道已结束。 (0x6D)
[0115/174835.135:ERROR:registration_protocol_win.cc(130)] TransactNamedPipe: 管道已结束。 (0x6D)
[0115/183959.183:ERROR:registration_protocol_win.cc(130)] TransactNamedPipe: 管道已结束。 (0x6D)
[0115/185733.336:ERROR:registration_protocol_win.cc(130)] TransactNamedPipe: 管道已结束。 (0x6D)
[0115/194604.025:ERROR:registration_protocol_win.cc(130)] TransactNamedPipe: 管道已结束。 (0x6D)
[0120/094504.627:ERROR:directory_reader_win.cc(43)] FindFirstFile: 系统找不到指定的路径。 (0x3)
[0128/092325.191:ERROR:directory_reader_win.cc(43)] FindFirstFile: 系统找不到指定的路径。 (0x3)
[0128/163223.252:ERROR:process_memory_win.cc(73)] ReadMemory at 0x7ff750250000 of 64 bytes failed: 仅完成部分的 ReadProcessMemory 或 WriteProcessMemory 请求。 (0x12B)
[0128/163223.252:WARNING:pe_image_reader.cc(340)] could not read dos header from C:\Program Files\Google\Chrome\Application\chrome.exe
[0128/163223.252:ERROR:process_memory_win.cc(73)] ReadMemory at 0x7ffdea770000 of 64 bytes failed: 仅完成部分的 ReadProcessMemory 或 WriteProcessMemory 请求。 (0x12B)
[0128/163223.252:WARNING:pe_image_reader.cc(340)] could not read dos header from C:\Windows\SYSTEM32\ntdll.dll
[0128/163223.252:ERROR:process_memory_win.cc(73)] ReadMemory at 0x7ffde91b0000 of 64 bytes failed: 仅完成部分的 ReadProcessMemory 或 WriteProcessMemory 请求。 (0x12B)
[0128/163223.252:WARNING:pe_image_reader.cc(340)] could not read dos header from C:\Windows\System32\KERNEL32.DLL
[0128/163223.252:ERROR:process_memory_win.cc(73)] ReadMemory at 0x7ffde8250000 of 64 bytes failed: 仅完成部分的 ReadProcessMemory 或 WriteProcessMemory 请求。 (0x12B)
[0128/163223.252:WARNING:pe_image_reader.cc(340)] could not read dos header from C:\Windows\System32\KERNELBASE.dll
[0128/163223.252:ERROR:process_memory_win.cc(73)] ReadMemory at 0x7ffdcf860000 of 64 bytes failed: 仅完成部分的 ReadProcessMemory 或 WriteProcessMemory 请求。 (0x12B)
[0128/163223.252:WARNING:pe_image_reader.cc(340)] could not read dos header from C:\Program Files\Google\Chrome\Application\87.0.4280.141\chrome_elf.dll
[0128/163223.252:ERROR:process_memory_win.cc(73)] ReadMemory at 0x7ffdd9980000 of 64 bytes failed: 仅完成部分的 ReadProcessMemory 或 WriteProcessMemory 请求。 (0x12B)
[0128/163223.252:WARNING:pe_image_reader.cc(340)] could not read dos header from C:\Windows\SYSTEM32\VERSION.dll
[0128/163223.252:ERROR:process_memory_win.cc(73)] ReadMemory at 0x7ffdea0e0000 of 64 bytes failed: 仅完成部分的 ReadProcessMemory 或 WriteProcessMemory 请求。 (0x12B)
[0128/163223.252:WARNING:pe_image_reader.cc(340)] could not read dos header from C:\Windows\System32\msvcrt.dll
[0128/163223.252:ERROR:process_memory_win.cc(73)] ReadMemory at 0x7ffde9c10000 of 64 bytes failed: 仅完成部分的 ReadProcessMemory 或 WriteProcessMemory 请求。 (0x12B)
[0128/163223.252:WARNING:pe_image_reader.cc(340)] could not read dos header from C:\Windows\System32\ADVAPI32.dll
[0128/163223.252:ERROR:process_memory_win.cc(73)] ReadMemory at 0x7ffdea2b0000 of 64 bytes failed: 仅完成部分的 ReadProcessMemory 或 WriteProcessMemory 请求。 (0x12B)
[0128/163223.252:WARNING:pe_image_reader.cc(340)] could not read dos header from C:\Windows\System32\sechost.dll
[0128/163223.252:ERROR:process_memory_win.cc(73)] ReadMemory at 0x7ffde9310000 of 64 bytes failed: 仅完成部分的 ReadProcessMemory 或 WriteProcessMemory 请求。 (0x12B)
[0128/163223.252:WARNING:pe_image_reader.cc(340)] could not read dos header from C:\Windows\System32\RPCRT4.dll
[0128/163223.252:ERROR:process_memory_win.cc(73)] ReadMemory at 0x7ffd70a60000 of 64 bytes failed: 仅完成部分的 ReadProcessMemory 或 WriteProcessMemory 请求。 (0x12B)
[0128/163223.252:WARNING:pe_image_reader.cc(340)] could not read dos header from C:\Program Files\Google\Chrome\Application\87.0.4280.141\chrome.dll
[0128/163223.252:ERROR:process_memory_win.cc(73)] ReadMemory at 0x7ffde8980000 of 64 bytes failed: 仅完成部分的 ReadProcessMemory 或 WriteProcessMemory 请求。 (0x12B)
[0128/163223.252:WARNING:pe_image_reader.cc(340)] could not read dos header from C:\Windows\System32\WS2_32.dll
[0128/163223.252:ERROR:process_memory_win.cc(73)] ReadMemory at 0x7ffdea570000 of 64 bytes failed: 仅完成部分的 ReadProcessMemory 或 WriteProcessMemory 请求。 (0x12B)
[0128/163223.252:WARNING:pe_image_reader.cc(340)] could not read dos header from C:\Windows\System32\OLEAUT32.dll
[0128/163223.252:ERROR:process_memory_win.cc(73)] ReadMemory at 0x7ffde8550000 of 64 bytes failed: 仅完成部分的 ReadProcessMemory 或 WriteProcessMemory 请求。 (0x12B)
[0128/163223.252:WARNING:pe_image_reader.cc(340)] could not read dos header from C:\Windows\System32\msvcp_win.dll
[0128/163223.253:ERROR:process_memory_win.cc(73)] ReadMemory at 0x7ffde7fc0000 of 64 bytes failed: 仅完成部分的 ReadProcessMemory 或 WriteProcessMemory 请求。 (0x12B)
[0128/163223.253:WARNING:pe_image_reader.cc(340)] could not read dos header from C:\Windows\System32\ucrtbase.dll
[0128/163223.253:ERROR:process_memory_win.cc(73)] ReadMemory at 0x7ffde9440000 of 64 bytes failed: 仅完成部分的 ReadProcessMemory 或 WriteProcessMemory 请求。 (0x12B)
[0128/163223.253:WARNING:pe_image_reader.cc(340)] could not read dos header from C:\Windows\System32\combase.dll
[0128/163223.253:ERROR:process_memory_win.cc(73)] ReadMemory at 0x7ffde80c0000 of 64 bytes failed: 仅完成部分的 ReadProcessMemory 或 WriteProcessMemory 请求。 (0x12B)
[0128/163223.253:WARNING:pe_image_reader.cc(340)] could not read dos header from C:\Windows\System32\WINTRUST.dll
[0128/163223.253:ERROR:process_memory_win.cc(73)] ReadMemory at 0x7ffde85f0000 of 64 bytes failed: 仅完成部分的 ReadProcessMemory 或 WriteProcessMemory 请求。 (0x12B)
[0128/163223.253:WARNING:pe_image_reader.cc(340)] could not read dos header from C:\Windows\System32\CRYPT32.dll
[0128/163223.253:ERROR:process_memory_win.cc(73)] ReadMemory at 0x7ffde5cf0000 of 64 bytes failed: 仅完成部分的 ReadProcessMemory 或 WriteProcessMemory 请求。 (0x12B)
[0128/163223.253:WARNING:pe_image_reader.cc(340)] could not read dos header from C:\Windows\SYSTEM32\dbghelp.dll
[0128/163223.253:ERROR:process_memory_win.cc(73)] ReadMemory at 0x7ffde7330000 of 64 bytes failed: 仅完成部分的 ReadProcessMemory 或 WriteProcessMemory 请求。 (0x12B)
[0128/163223.253:WARNING:pe_image_reader.cc(340)] could not read dos header from C:\Windows\SYSTEM32\IPHLPAPI.DLL
[0128/163223.253:ERROR:process_memory_win.cc(73)] ReadMemory at 0x7ffdd1980000 of 64 bytes failed: 仅完成部分的 ReadProcessMemory 或 WriteProcessMemory 请求。 (0x12B)
[0128/163223.253:WARNING:pe_image_reader.cc(340)] could not read dos header from C:\Windows\SYSTEM32\WINMM.dll
[0128/163223.253:ERROR:process_memory_win.cc(73)] ReadMemory at 0x7ffdb2050000 of 64 bytes failed: 仅完成部分的 ReadProcessMemory 或 WriteProcessMemory 请求。 (0x12B)
[0128/163223.253:WARNING:pe_image_reader.cc(340)] could not read dos header from C:\Windows\SYSTEM32\UIAutomationCore.DLL
[0128/163223.253:ERROR:process_memory_win.cc(73)] ReadMemory at 0x7ffdc6940000 of 64 bytes failed: 仅完成部分的 ReadProcessMemory 或 WriteProcessMemory 请求。 (0x12B)
[0128/163223.253:WARNING:pe_image_reader.cc(340)] could not read dos header from C:\Windows\SYSTEM32\Secur32.dll
[0128/163223.253:ERROR:process_memory_win.cc(73)] ReadMemory at 0x7ffde7da0000 of 64 bytes failed: 仅完成部分的 ReadProcessMemory 或 WriteProcessMemory 请求。 (0x12B)
[0128/163223.253:WARNING:pe_image_reader.cc(340)] could not read dos header from C:\Windows\SYSTEM32\USERENV.dll
[0128/163223.253:ERROR:process_memory_win.cc(73)] ReadMemory at 0x7ffdd2600000 of 64 bytes failed: 仅完成部分的 ReadProcessMemory 或 WriteProcessMemory 请求。 (0x12B)
[0128/163223.253:WARNING:pe_image_reader.cc(340)] could not read dos header from C:\Windows\SYSTEM32\DWrite.dll
[0128/163223.253:ERROR:process_memory_win.cc(73)] ReadMemory at 0x7ffdd1490000 of 64 bytes failed: 仅完成部分的 ReadProcessMemory 或 WriteProcessMemory 请求。 (0x12B)
[0128/163223.253:WARNING:pe_image_reader.cc(340)] could not read dos header from C:\Windows\SYSTEM32\WINSPOOL.DRV
[0128/163223.253:ERROR:process_memory_win.cc(73)] ReadMemory at 0x7ffde27b0000 of 64 bytes failed: 仅完成部分的 ReadProcessMemory 或 WriteProcessMemory 请求。 (0x12B)
[0128/163223.253:WARNING:pe_image_reader.cc(340)] could not read dos header from C:\Windows\SYSTEM32\WINHTTP.dll
[0128/163223.253:ERROR:process_memory_win.cc(73)] ReadMemory at 0x7ffddd790000 of 64 bytes failed: 仅完成部分的 ReadProcessMemory 或 WriteProcessMemory 请求。 (0x12B)
[0128/163223.253:WARNING:pe_image_reader.cc(340)] could not read dos header from C:\Windows\SYSTEM32\dhcpcsvc.DLL
[0128/163223.253:ERROR:process_memory_win.cc(73)] ReadMemory at 0x7ffde3270000 of 64 bytes failed: 仅完成部分的 ReadProcessMemory 或 WriteProcessMemory 请求。 (0x12B)
[0128/163223.253:WARNING:pe_image_reader.cc(340)] could not read dos header from C:\Windows\SYSTEM32\PROPSYS.dll
[0128/163223.253:ERROR:process_memory_win.cc(73)] ReadMemory at 0x7ffde7d60000 of 64 bytes failed: 仅完成部分的 ReadProcessMemory 或 WriteProcessMemory 请求。 (0x12B)
[0128/163223.253:WARNING:pe_image_reader.cc(340)] could not read dos header from C:\Windows\SYSTEM32\SSPICLI.DLL
[0128/163223.254:ERROR:process_memory_win.cc(73)] ReadMemory at 0x7ffde7a90000 of 64 bytes failed: 仅完成部分的 ReadProcessMemory 或 WriteProcessMemory 请求。 (0x12B)
[0128/163223.254:WARNING:pe_image_reader.cc(340)] could not read dos header from C:\Windows\System32\MSASN1.dll
[0128/163223.254:ERROR:process_memory_win.cc(73)] ReadMemory at 0x7ffde81d0000 of 64 bytes failed: 仅完成部分的 ReadProcessMemory 或 WriteProcessMemory 请求。 (0x12B)
[0128/163223.254:WARNING:pe_image_reader.cc(340)] could not read dos header from C:\Windows\System32\bcryptPrimitives.dll
[0128/163223.254:ERROR:process_memory_win.cc(73)] ReadMemory at 0x7ffde7860000 of 64 bytes failed: 仅完成部分的 ReadProcessMemory 或 WriteProcessMemory 请求。 (0x12B)
[0128/163223.254:WARNING:pe_image_reader.cc(340)] could not read dos header from C:\Windows\SYSTEM32\CRYPTBASE.DLL
[0128/163223.262:ERROR:process_memory_win.cc(73)] ReadMemory at 0x7ff750250000 of 64 bytes failed: 仅完成部分的 ReadProcessMemory 或 WriteProcessMemory 请求。 (0x12B)
[0128/163223.262:WARNING:pe_image_reader.cc(340)] could not read dos header from C:\Program Files\Google\Chrome\Application\chrome.exe
[0128/163223.263:ERROR:process_memory_win.cc(73)] ReadMemory at 0x7ffdea770000 of 64 bytes failed: 仅完成部分的 ReadProcessMemory 或 WriteProcessMemory 请求。 (0x12B)
[0128/163223.263:WARNING:pe_image_reader.cc(340)] could not read dos header from C:\Windows\SYSTEM32\ntdll.dll
[0128/163223.263:ERROR:process_memory_win.cc(73)] ReadMemory at 0x7ffde91b0000 of 64 bytes failed: 仅完成部分的 ReadProcessMemory 或 WriteProcessMemory 请求。 (0x12B)
[0128/163223.263:WARNING:pe_image_reader.cc(340)] could not read dos header from C:\Windows\System32\KERNEL32.DLL
[0128/163223.263:ERROR:process_memory_win.cc(73)] ReadMemory at 0x7ffde8250000 of 64 bytes failed: 仅完成部分的 ReadProcessMemory 或 WriteProcessMemory 请求。 (0x12B)
[0128/163223.263:WARNING:pe_image_reader.cc(340)] could not read dos header from C:\Windows\System32\KERNELBASE.dll
[0128/163223.263:ERROR:process_memory_win.cc(73)] ReadMemory at 0x7ffdcf860000 of 64 bytes failed: 仅完成部分的 ReadProcessMemory 或 WriteProcessMemory 请求。 (0x12B)
[0128/163223.263:WARNING:pe_image_reader.cc(340)] could not read dos header from C:\Program Files\Google\Chrome\Application\87.0.4280.141\chrome_elf.dll
[0128/163223.263:ERROR:process_memory_win.cc(73)] ReadMemory at 0x7ffdd9980000 of 64 bytes failed: 仅完成部分的 ReadProcessMemory 或 WriteProcessMemory 请求。 (0x12B)
[0128/163223.263:WARNING:pe_image_reader.cc(340)] could not read dos header from C:\Windows\SYSTEM32\VERSION.dll
[0128/163223.263:ERROR:process_memory_win.cc(73)] ReadMemory at 0x7ffdea0e0000 of 64 bytes failed: 仅完成部分的 ReadProcessMemory 或 WriteProcessMemory 请求。 (0x12B)
[0128/163223.263:WARNING:pe_image_reader.cc(340)] could not read dos header from C:\Windows\System32\msvcrt.dll
[0128/163223.263:ERROR:process_memory_win.cc(73)] ReadMemory at 0x7ffde9c10000 of 64 bytes failed: 仅完成部分的 ReadProcessMemory 或 WriteProcessMemory 请求。 (0x12B)
[0128/163223.263:WARNING:pe_image_reader.cc(340)] could not read dos header from C:\Windows\System32\ADVAPI32.dll
[0128/163223.263:ERROR:process_memory_win.cc(73)] ReadMemory at 0x7ffdea2b0000 of 64 bytes failed: 仅完成部分的 ReadProcessMemory 或 WriteProcessMemory 请求。 (0x12B)
[0128/163223.263:WARNING:pe_image_reader.cc(340)] could not read dos header from C:\Windows\System32\sechost.dll
[0128/163223.263:ERROR:process_memory_win.cc(73)] ReadMemory at 0x7ffde9310000 of 64 bytes failed: 仅完成部分的 ReadProcessMemory 或 WriteProcessMemory 请求。 (0x12B)
[0128/163223.263:WARNING:pe_image_reader.cc(340)] could not read dos header from C:\Windows\System32\RPCRT4.dll
[0128/163223.263:ERROR:process_memory_win.cc(73)] ReadMemory at 0x7ffd70a60000 of 64 bytes failed: 仅完成部分的 ReadProcessMemory 或 WriteProcessMemory 请求。 (0x12B)
[0128/163223.263:WARNING:pe_image_reader.cc(340)] could not read dos header from C:\Program Files\Google\Chrome\Application\87.0.4280.141\chrome.dll
[0128/163223.263:ERROR:process_memory_win.cc(73)] ReadMemory at 0x7ffde8980000 of 64 bytes failed: 仅完成部分的 ReadProcessMemory 或 WriteProcessMemory 请求。 (0x12B)
[0128/163223.263:WARNING:pe_image_reader.cc(340)] could not read dos header from C:\Windows\System32\WS2_32.dll
[0128/163223.263:ERROR:process_memory_win.cc(73)] ReadMemory at 0x7ffdea570000 of 64 bytes failed: 仅完成部分的 ReadProcessMemory 或 WriteProcessMemory 请求。 (0x12B)
[0128/163223.263:WARNING:pe_image_reader.cc(340)] could not read dos header from C:\Windows\System32\OLEAUT32.dll
[0128/163223.263:ERROR:process_memory_win.cc(73)] ReadMemory at 0x7ffde8550000 of 64 bytes failed: 仅完成部分的 ReadProcessMemory 或 WriteProcessMemory 请求。 (0x12B)
[0128/163223.263:WARNING:pe_image_reader.cc(340)] could not read dos header from C:\Windows\System32\msvcp_win.dll
[0128/163223.263:ERROR:process_memory_win.cc(73)] ReadMemory at 0x7ffde7fc0000 of 64 bytes failed: 仅完成部分的 ReadProcessMemory 或 WriteProcessMemory 请求。 (0x12B)
[0128/163223.263:WARNING:pe_image_reader.cc(340)] could not read dos header from C:\Windows\System32\ucrtbase.dll
[0128/163223.263:ERROR:process_memory_win.cc(73)] ReadMemory at 0x7ffde9440000 of 64 bytes failed: 仅完成部分的 ReadProcessMemory 或 WriteProcessMemory 请求。 (0x12B)
[0128/163223.263:WARNING:pe_image_reader.cc(340)] could not read dos header from C:\Windows\System32\combase.dll
[0128/163223.263:ERROR:process_memory_win.cc(73)] ReadMemory at 0x7ffde80c0000 of 64 bytes failed: 仅完成部分的 ReadProcessMemory 或 WriteProcessMemory 请求。 (0x12B)
[0128/163223.263:WARNING:pe_image_reader.cc(340)] could not read dos header from C:\Windows\System32\WINTRUST.dll
[0128/163223.263:ERROR:process_memory_win.cc(73)] ReadMemory at 0x7ffde85f0000 of 64 bytes failed: 仅完成部分的 ReadProcessMemory 或 WriteProcessMemory 请求。 (0x12B)
[0128/163223.263:WARNING:pe_image_reader.cc(340)] could not read dos header from C:\Windows\System32\CRYPT32.dll
[0128/163223.263:ERROR:process_memory_win.cc(73)] ReadMemory at 0x7ffde5cf0000 of 64 bytes failed: 仅完成部分的 ReadProcessMemory 或 WriteProcessMemory 请求。 (0x12B)
[0128/163223.263:WARNING:pe_image_reader.cc(340)] could not read dos header from C:\Windows\SYSTEM32\dbghelp.dll
[0128/163223.263:ERROR:process_memory_win.cc(73)] ReadMemory at 0x7ffde7330000 of 64 bytes failed: 仅完成部分的 ReadProcessMemory 或 WriteProcessMemory 请求。 (0x12B)
[0128/163223.263:WARNING:pe_image_reader.cc(340)] could not read dos header from C:\Windows\SYSTEM32\IPHLPAPI.DLL
[0128/163223.263:ERROR:process_memory_win.cc(73)] ReadMemory at 0x7ffdd1980000 of 64 bytes failed: 仅完成部分的 ReadProcessMemory 或 WriteProcessMemory 请求。 (0x12B)
[0128/163223.263:WARNING:pe_image_reader.cc(340)] could not read dos header from C:\Windows\SYSTEM32\WINMM.dll
[0128/163223.263:ERROR:process_memory_win.cc(73)] ReadMemory at 0x7ffdb2050000 of 64 bytes failed: 仅完成部分的 ReadProcessMemory 或 WriteProcessMemory 请求。 (0x12B)
[0128/163223.263:WARNING:pe_image_reader.cc(340)] could not read dos header from C:\Windows\SYSTEM32\UIAutomationCore.DLL
[0128/163223.264:ERROR:process_memory_win.cc(73)] ReadMemory at 0x7ffdc6940000 of 64 bytes failed: 仅完成部分的 ReadProcessMemory 或 WriteProcessMemory 请求。 (0x12B)
[0128/163223.264:WARNING:pe_image_reader.cc(340)] could not read dos header from C:\Windows\SYSTEM32\Secur32.dll
[0128/163223.264:ERROR:process_memory_win.cc(73)] ReadMemory at 0x7ffde7da0000 of 64 bytes failed: 仅完成部分的 ReadProcessMemory 或 WriteProcessMemory 请求。 (0x12B)
[0128/163223.264:WARNING:pe_image_reader.cc(340)] could not read dos header from C:\Windows\SYSTEM32\USERENV.dll
[0128/163223.264:ERROR:process_memory_win.cc(73)] ReadMemory at 0x7ffdd2600000 of 64 bytes failed: 仅完成部分的 ReadProcessMemory 或 WriteProcessMemory 请求。 (0x12B)
[0128/163223.264:WARNING:pe_image_reader.cc(340)] could not read dos header from C:\Windows\SYSTEM32\DWrite.dll
[0128/163223.264:ERROR:process_memory_win.cc(73)] ReadMemory at 0x7ffdd1490000 of 64 bytes failed: 仅完成部分的 ReadProcessMemory 或 WriteProcessMemory 请求。 (0x12B)
[0128/163223.264:WARNING:pe_image_reader.cc(340)] could not read dos header from C:\Windows\SYSTEM32\WINSPOOL.DRV
[0128/163223.264:ERROR:process_memory_win.cc(73)] ReadMemory at 0x7ffde27b0000 of 64 bytes failed: 仅完成部分的 ReadProcessMemory 或 WriteProcessMemory 请求。 (0x12B)
[0128/163223.264:WARNING:pe_image_reader.cc(340)] could not read dos header from C:\Windows\SYSTEM32\WINHTTP.dll
[0128/163223.264:ERROR:process_memory_win.cc(73)] ReadMemory at 0x7ffddd790000 of 64 bytes failed: 仅完成部分的 ReadProcessMemory 或 WriteProcessMemory 请求。 (0x12B)
[0128/163223.264:WARNING:pe_image_reader.cc(340)] could not read dos header from C:\Windows\SYSTEM32\dhcpcsvc.DLL
[0128/163223.264:ERROR:process_memory_win.cc(73)] ReadMemory at 0x7ffde3270000 of 64 bytes failed: 仅完成部分的 ReadProcessMemory 或 WriteProcessMemory 请求。 (0x12B)
[0128/163223.264:WARNING:pe_image_reader.cc(340)] could not read dos header from C:\Windows\SYSTEM32\PROPSYS.dll
[0128/163223.264:ERROR:process_memory_win.cc(73)] ReadMemory at 0x7ffde7d60000 of 64 bytes failed: 仅完成部分的 ReadProcessMemory 或 WriteProcessMemory 请求。 (0x12B)
[0128/163223.264:WARNING:pe_image_reader.cc(340)] could not read dos header from C:\Windows\SYSTEM32\SSPICLI.DLL
[0128/163223.264:ERROR:process_memory_win.cc(73)] ReadMemory at 0x7ffde7a90000 of 64 bytes failed: 仅完成部分的 ReadProcessMemory 或 WriteProcessMemory 请求。 (0x12B)
[0128/163223.264:WARNING:pe_image_reader.cc(340)] could not read dos header from C:\Windows\System32\MSASN1.dll
[0128/163223.264:ERROR:process_memory_win.cc(73)] ReadMemory at 0x7ffde81d0000 of 64 bytes failed: 仅完成部分的 ReadProcessMemory 或 WriteProcessMemory 请求。 (0x12B)
[0128/163223.264:WARNING:pe_image_reader.cc(340)] could not read dos header from C:\Windows\System32\bcryptPrimitives.dll
[0128/163223.264:ERROR:process_memory_win.cc(73)] ReadMemory at 0x7ffde7860000 of 64 bytes failed: 仅完成部分的 ReadProcessMemory 或 WriteProcessMemory 请求。 (0x12B)
[0128/163223.264:WARNING:pe_image_reader.cc(340)] could not read dos header from C:\Windows\SYSTEM32\CRYPTBASE.DLL
[0128/163223.264:ERROR:process_memory_win.cc(73)] ReadMemory at 0x7ff750250000 of 64 bytes failed: 仅完成部分的 ReadProcessMemory 或 WriteProcessMemory 请求。 (0x12B)
[0128/163223.264:WARNING:pe_image_reader.cc(340)] could not read dos header from C:\Program Files\Google\Chrome\Application\chrome.exe
[0128/163223.264:ERROR:process_memory_win.cc(73)] ReadMemory at 0x7ffdea770000 of 64 bytes failed: 仅完成部分的 ReadProcessMemory 或 WriteProcessMemory 请求。 (0x12B)
[0128/163223.264:WARNING:pe_image_reader.cc(340)] could not read dos header from C:\Windows\SYSTEM32\ntdll.dll
[0128/163223.264:ERROR:process_memory_win.cc(73)] ReadMemory at 0x7ffde91b0000 of 64 bytes failed: 仅完成部分的 ReadProcessMemory 或 WriteProcessMemory 请求。 (0x12B)
[0128/163223.264:WARNING:pe_image_reader.cc(340)] could not read dos header from C:\Windows\System32\KERNEL32.DLL
[0128/163223.264:ERROR:process_memory_win.cc(73)] ReadMemory at 0x7ffde8250000 of 64 bytes failed: 仅完成部分的 ReadProcessMemory 或 WriteProcessMemory 请求。 (0x12B)
[0128/163223.264:WARNING:pe_image_reader.cc(340)] could not read dos header from C:\Windows\System32\KERNELBASE.dll
[0128/163223.264:ERROR:process_memory_win.cc(73)] ReadMemory at 0x7ffdcf860000 of 64 bytes failed: 仅完成部分的 ReadProcessMemory 或 WriteProcessMemory 请求。 (0x12B)
[0128/163223.264:WARNING:pe_image_reader.cc(340)] could not read dos header from C:\Program Files\Google\Chrome\Application\87.0.4280.141\chrome_elf.dll
[0128/163223.264:ERROR:process_memory_win.cc(73)] ReadMemory at 0x7ffdd9980000 of 64 bytes failed: 仅完成部分的 ReadProcessMemory 或 WriteProcessMemory 请求。 (0x12B)
[0128/163223.264:WARNING:pe_image_reader.cc(340)] could not read dos header from C:\Windows\SYSTEM32\VERSION.dll
[0128/163223.264:ERROR:process_memory_win.cc(73)] ReadMemory at 0x7ffdea0e0000 of 64 bytes failed: 仅完成部分的 ReadProcessMemory 或 WriteProcessMemory 请求。 (0x12B)
[0128/163223.264:WARNING:pe_image_reader.cc(340)] could not read dos header from C:\Windows\System32\msvcrt.dll
[0128/163223.264:ERROR:process_memory_win.cc(73)] ReadMemory at 0x7ffde9c10000 of 64 bytes failed: 仅完成部分的 ReadProcessMemory 或 WriteProcessMemory 请求。 (0x12B)
[0128/163223.264:WARNING:pe_image_reader.cc(340)] could not read dos header from C:\Windows\System32\ADVAPI32.dll
[0128/163223.264:ERROR:process_memory_win.cc(73)] ReadMemory at 0x7ffdea2b0000 of 64 bytes failed: 仅完成部分的 ReadProcessMemory 或 WriteProcessMemory 请求。 (0x12B)
[0128/163223.264:WARNING:pe_image_reader.cc(340)] could not read dos header from C:\Windows\System32\sechost.dll
[0128/163223.264:ERROR:process_memory_win.cc(73)] ReadMemory at 0x7ffde9310000 of 64 bytes failed: 仅完成部分的 ReadProcessMemory 或 WriteProcessMemory 请求。 (0x12B)
[0128/163223.264:WARNING:pe_image_reader.cc(340)] could not read dos header from C:\Windows\System32\RPCRT4.dll
[0128/163223.264:ERROR:process_memory_win.cc(73)] ReadMemory at 0x7ffd70a60000 of 64 bytes failed: 仅完成部分的 ReadProcessMemory 或 WriteProcessMemory 请求。 (0x12B)
[0128/163223.264:WARNING:pe_image_reader.cc(340)] could not read dos header from C:\Program Files\Google\Chrome\Application\87.0.4280.141\chrome.dll
[0128/163223.265:ERROR:process_memory_win.cc(73)] ReadMemory at 0x7ffde8980000 of 64 bytes failed: 仅完成部分的 ReadProcessMemory 或 WriteProcessMemory 请求。 (0x12B)
[0128/163223.265:WARNING:pe_image_reader.cc(340)] could not read dos header from C:\Windows\System32\WS2_32.dll
[0128/163223.265:ERROR:process_memory_win.cc(73)] ReadMemory at 0x7ffdea570000 of 64 bytes failed: 仅完成部分的 ReadProcessMemory 或 WriteProcessMemory 请求。 (0x12B)
[0128/163223.265:WARNING:pe_image_reader.cc(340)] could not read dos header from C:\Windows\System32\OLEAUT32.dll
[0128/163223.265:ERROR:process_memory_win.cc(73)] ReadMemory at 0x7ffde8550000 of 64 bytes failed: 仅完成部分的 ReadProcessMemory 或 WriteProcessMemory 请求。 (0x12B)
[0128/163223.265:WARNING:pe_image_reader.cc(340)] could not read dos header from C:\Windows\System32\msvcp_win.dll
[0128/163223.265:ERROR:process_memory_win.cc(73)] ReadMemory at 0x7ffde7fc0000 of 64 bytes failed: 仅完成部分的 ReadProcessMemory 或 WriteProcessMemory 请求。 (0x12B)
[0128/163223.265:WARNING:pe_image_reader.cc(340)] could not read dos header from C:\Windows\System32\ucrtbase.dll
[0128/163223.265:ERROR:process_memory_win.cc(73)] ReadMemory at 0x7ffde9440000 of 64 bytes failed: 仅完成部分的 ReadProcessMemory 或 WriteProcessMemory 请求。 (0x12B)
[0128/163223.265:WARNING:pe_image_reader.cc(340)] could not read dos header from C:\Windows\System32\combase.dll
[0128/163223.265:ERROR:process_memory_win.cc(73)] ReadMemory at 0x7ffde80c0000 of 64 bytes failed: 仅完成部分的 ReadProcessMemory 或 WriteProcessMemory 请求。 (0x12B)
[0128/163223.265:WARNING:pe_image_reader.cc(340)] could not read dos header from C:\Windows\System32\WINTRUST.dll
[0128/163223.265:ERROR:process_memory_win.cc(73)] ReadMemory at 0x7ffde85f0000 of 64 bytes failed: 仅完成部分的 ReadProcessMemory 或 WriteProcessMemory 请求。 (0x12B)
[0128/163223.265:WARNING:pe_image_reader.cc(340)] could not read dos header from C:\Windows\System32\CRYPT32.dll
[0128/163223.265:ERROR:process_memory_win.cc(73)] ReadMemory at 0x7ffde5cf0000 of 64 bytes failed: 仅完成部分的 ReadProcessMemory 或 WriteProcessMemory 请求。 (0x12B)
[0128/163223.265:WARNING:pe_image_reader.cc(340)] could not read dos header from C:\Windows\SYSTEM32\dbghelp.dll
[0128/163223.265:ERROR:process_memory_win.cc(73)] ReadMemory at 0x7ffde7330000 of 64 bytes failed: 仅完成部分的 ReadProcessMemory 或 WriteProcessMemory 请求。 (0x12B)
[0128/163223.265:WARNING:pe_image_reader.cc(340)] could not read dos header from C:\Windows\SYSTEM32\IPHLPAPI.DLL
[0128/163223.265:ERROR:process_memory_win.cc(73)] ReadMemory at 0x7ffdd1980000 of 64 bytes failed: 仅完成部分的 ReadProcessMemory 或 WriteProcessMemory 请求。 (0x12B)
[0128/163223.265:WARNING:pe_image_reader.cc(340)] could not read dos header from C:\Windows\SYSTEM32\WINMM.dll
[0128/163223.265:ERROR:process_memory_win.cc(73)] ReadMemory at 0x7ffdb2050000 of 64 bytes failed: 仅完成部分的 ReadProcessMemory 或 WriteProcessMemory 请求。 (0x12B)
[0128/163223.265:WARNING:pe_image_reader.cc(340)] could not read dos header from C:\Windows\SYSTEM32\UIAutomationCore.DLL
[0128/163223.265:ERROR:process_memory_win.cc(73)] ReadMemory at 0x7ffdc6940000 of 64 bytes failed: 仅完成部分的 ReadProcessMemory 或 WriteProcessMemory 请求。 (0x12B)
[0128/163223.265:WARNING:pe_image_reader.cc(340)] could not read dos header from C:\Windows\SYSTEM32\Secur32.dll
[0128/163223.265:ERROR:process_memory_win.cc(73)] ReadMemory at 0x7ffde7da0000 of 64 bytes failed: 仅完成部分的 ReadProcessMemory 或 WriteProcessMemory 请求。 (0x12B)
[0128/163223.265:WARNING:pe_image_reader.cc(340)] could not read dos header from C:\Windows\SYSTEM32\USERENV.dll
[0128/163223.265:ERROR:process_memory_win.cc(73)] ReadMemory at 0x7ffdd2600000 of 64 bytes failed: 仅完成部分的 ReadProcessMemory 或 WriteProcessMemory 请求。 (0x12B)
[0128/163223.265:WARNING:pe_image_reader.cc(340)] could not read dos header from C:\Windows\SYSTEM32\DWrite.dll
[0128/163223.265:ERROR:process_memory_win.cc(73)] ReadMemory at 0x7ffdd1490000 of 64 bytes failed: 仅完成部分的 ReadProcessMemory 或 WriteProcessMemory 请求。 (0x12B)
[0128/163223.265:WARNING:pe_image_reader.cc(340)] could not read dos header from C:\Windows\SYSTEM32\WINSPOOL.DRV
[0128/163223.265:ERROR:process_memory_win.cc(73)] ReadMemory at 0x7ffde27b0000 of 64 bytes failed: 仅完成部分的 ReadProcessMemory 或 WriteProcessMemory 请求。 (0x12B)
[0128/163223.265:WARNING:pe_image_reader.cc(340)] could not read dos header from C:\Windows\SYSTEM32\WINHTTP.dll
[0128/163223.265:ERROR:process_memory_win.cc(73)] ReadMemory at 0x7ffddd790000 of 64 bytes failed: 仅完成部分的 ReadProcessMemory 或 WriteProcessMemory 请求。 (0x12B)
[0128/163223.265:WARNING:pe_image_reader.cc(340)] could not read dos header from C:\Windows\SYSTEM32\dhcpcsvc.DLL
[0128/163223.265:ERROR:process_memory_win.cc(73)] ReadMemory at 0x7ffde3270000 of 64 bytes failed: 仅完成部分的 ReadProcessMemory 或 WriteProcessMemory 请求。 (0x12B)
[0128/163223.265:WARNING:pe_image_reader.cc(340)] could not read dos header from C:\Windows\SYSTEM32\PROPSYS.dll
[0128/163223.265:ERROR:process_memory_win.cc(73)] ReadMemory at 0x7ffde7d60000 of 64 bytes failed: 仅完成部分的 ReadProcessMemory 或 WriteProcessMemory 请求。 (0x12B)
[0128/163223.265:WARNING:pe_image_reader.cc(340)] could not read dos header from C:\Windows\SYSTEM32\SSPICLI.DLL
[0128/163223.265:ERROR:process_memory_win.cc(73)] ReadMemory at 0x7ffde7a90000 of 64 bytes failed: 仅完成部分的 ReadProcessMemory 或 WriteProcessMemory 请求。 (0x12B)
[0128/163223.265:WARNING:pe_image_reader.cc(340)] could not read dos header from C:\Windows\System32\MSASN1.dll
[0128/163223.265:ERROR:process_memory_win.cc(73)] ReadMemory at 0x7ffde81d0000 of 64 bytes failed: 仅完成部分的 ReadProcessMemory 或 WriteProcessMemory 请求。 (0x12B)
[0128/163223.265:WARNING:pe_image_reader.cc(340)] could not read dos header from C:\Windows\System32\bcryptPrimitives.dll
[0128/163223.266:ERROR:process_memory_win.cc(73)] ReadMemory at 0x7ffde7860000 of 64 bytes failed: 仅完成部分的 ReadProcessMemory 或 WriteProcessMemory 请求。 (0x12B)
[0128/163223.266:WARNING:pe_image_reader.cc(340)] could not read dos header from C:\Windows\SYSTEM32\CRYPTBASE.DLL
[0128/163223.272:ERROR:process_memory_win.cc(73)] ReadMemory at 0xd0713f8000 of 32768 bytes failed: 仅完成部分的 ReadProcessMemory 或 WriteProcessMemory 请求。 (0x12B)
[0128/163223.272:ERROR:process_memory_win.cc(73)] ReadMemory at 0xd071bfd000 of 12288 bytes failed: 仅完成部分的 ReadProcessMemory 或 WriteProcessMemory 请求。 (0x12B)
[0128/163223.273:ERROR:process_memory_win.cc(73)] ReadMemory at 0xd0723fd000 of 12288 bytes failed: 仅完成部分的 ReadProcessMemory 或 WriteProcessMemory 请求。 (0x12B)
[0128/163223.273:ERROR:process_memory_win.cc(73)] ReadMemory at 0xd072bfd000 of 12288 bytes failed: 仅完成部分的 ReadProcessMemory 或 WriteProcessMemory 请求。 (0x12B)
[0128/163223.273:ERROR:process_memory_win.cc(73)] ReadMemory at 0xd0733fd000 of 12288 bytes failed: 仅完成部分的 ReadProcessMemory 或 WriteProcessMemory 请求。 (0x12B)
[0128/163223.273:ERROR:process_memory_win.cc(73)] ReadMemory at 0xd0743fe000 of 8192 bytes failed: 仅完成部分的 ReadProcessMemory 或 WriteProcessMemory 请求。 (0x12B)
[0128/163223.273:ERROR:process_memory_win.cc(73)] ReadMemory at 0xd074bfe000 of 8192 bytes failed: 仅完成部分的 ReadProcessMemory 或 WriteProcessMemory 请求。 (0x12B)
[0128/163223.273:ERROR:process_memory_win.cc(73)] ReadMemory at 0xd0753fe000 of 8192 bytes failed: 仅完成部分的 ReadProcessMemory 或 WriteProcessMemory 请求。 (0x12B)
[0128/163223.273:ERROR:process_memory_win.cc(73)] ReadMemory at 0xd0763fe000 of 8192 bytes failed: 仅完成部分的 ReadProcessMemory 或 WriteProcessMemory 请求。 (0x12B)
[0128/163223.273:ERROR:process_memory_win.cc(73)] ReadMemory at 0xd076bfe000 of 8192 bytes failed: 仅完成部分的 ReadProcessMemory 或 WriteProcessMemory 请求。 (0x12B)
[0128/163223.273:ERROR:process_memory_win.cc(73)] ReadMemory at 0xd0773fe000 of 8192 bytes failed: 仅完成部分的 ReadProcessMemory 或 WriteProcessMemory 请求。 (0x12B)
[0128/163223.273:ERROR:process_memory_win.cc(73)] ReadMemory at 0xd077bfe000 of 8192 bytes failed: 仅完成部分的 ReadProcessMemory 或 WriteProcessMemory 请求。 (0x12B)
[0128/163223.273:ERROR:process_memory_win.cc(73)] ReadMemory at 0xd0783fe000 of 8192 bytes failed: 仅完成部分的 ReadProcessMemory 或 WriteProcessMemory 请求。 (0x12B)
[0128/163223.273:ERROR:process_memory_win.cc(73)] ReadMemory at 0xd078bfe000 of 8192 bytes failed: 仅完成部分的 ReadProcessMemory 或 WriteProcessMemory 请求。 (0x12B)
[0128/163223.273:ERROR:process_memory_win.cc(73)] ReadMemory at 0xd073bfe000 of 8192 bytes failed: 仅完成部分的 ReadProcessMemory 或 WriteProcessMemory 请求。 (0x12B)
[0128/163223.273:ERROR:process_memory_win.cc(73)] ReadMemory at 0xd075bfe000 of 8192 bytes failed: 仅完成部分的 ReadProcessMemory 或 WriteProcessMemory 请求。 (0x12B)
[0128/163223.273:ERROR:process_memory_win.cc(73)] ReadMemory at 0xd070a00000 of 6024 bytes failed: 仅完成部分的 ReadProcessMemory 或 WriteProcessMemory 请求。 (0x12B)
[0128/163223.273:ERROR:process_memory_win.cc(73)] ReadMemory at 0xd070a02000 of 6024 bytes failed: 仅完成部分的 ReadProcessMemory 或 WriteProcessMemory 请求。 (0x12B)
[0128/163223.273:ERROR:process_memory_win.cc(73)] ReadMemory at 0xd070a04000 of 6024 bytes failed: 仅完成部分的 ReadProcessMemory 或 WriteProcessMemory 请求。 (0x12B)
[0128/163223.273:ERROR:process_memory_win.cc(73)] ReadMemory at 0xd070a06000 of 6024 bytes failed: 仅完成部分的 ReadProcessMemory 或 WriteProcessMemory 请求。 (0x12B)
[0128/163223.273:ERROR:process_memory_win.cc(73)] ReadMemory at 0xd070a08000 of 6024 bytes failed: 仅完成部分的 ReadProcessMemory 或 WriteProcessMemory 请求。 (0x12B)
[0128/163223.273:ERROR:process_memory_win.cc(73)] ReadMemory at 0xd070a0a000 of 6024 bytes failed: 仅完成部分的 ReadProcessMemory 或 WriteProcessMemory 请求。 (0x12B)
[0128/163223.274:ERROR:process_memory_win.cc(73)] ReadMemory at 0xd070a0c000 of 6024 bytes failed: 仅完成部分的 ReadProcessMemory 或 WriteProcessMemory 请求。 (0x12B)
[0128/163223.274:ERROR:process_memory_win.cc(73)] ReadMemory at 0xd070a0e000 of 6024 bytes failed: 仅完成部分的 ReadProcessMemory 或 WriteProcessMemory 请求。 (0x12B)
[0128/163223.274:ERROR:process_memory_win.cc(73)] ReadMemory at 0xd070beb000 of 852 bytes failed: 仅完成部分的 ReadProcessMemory 或 WriteProcessMemory 请求。 (0x12B)
[0128/163223.274:ERROR:process_memory_win.cc(73)] ReadMemory at 0xd070bec000 of 6024 bytes failed: 仅完成部分的 ReadProcessMemory 或 WriteProcessMemory 请求。 (0x12B)
[0128/163223.274:ERROR:process_memory_win.cc(73)] ReadMemory at 0xd070bee000 of 6024 bytes failed: 仅完成部分的 ReadProcessMemory 或 WriteProcessMemory 请求。 (0x12B)
[0128/163223.274:ERROR:process_memory_win.cc(73)] ReadMemory at 0xd070bf0000 of 6024 bytes failed: 仅完成部分的 ReadProcessMemory 或 WriteProcessMemory 请求。 (0x12B)
[0128/163223.274:ERROR:process_memory_win.cc(73)] ReadMemory at 0xd070bf2000 of 6024 bytes failed: 仅完成部分的 ReadProcessMemory 或 WriteProcessMemory 请求。 (0x12B)
[0128/163223.274:ERROR:process_memory_win.cc(73)] ReadMemory at 0xd070bf4000 of 6024 bytes failed: 仅完成部分的 ReadProcessMemory 或 WriteProcessMemory 请求。 (0x12B)
[0128/163223.274:ERROR:process_memory_win.cc(73)] ReadMemory at 0xd070bf8000 of 6024 bytes failed: 仅完成部分的 ReadProcessMemory 或 WriteProcessMemory 请求。 (0x12B)
[0128/163223.274:ERROR:process_memory_win.cc(73)] ReadMemory at 0xd070bfa000 of 6024 bytes failed: 仅完成部分的 ReadProcessMemory 或 WriteProcessMemory 请求。 (0x12B)
[0128/163223.274:ERROR:process_memory_win.cc(73)] ReadMemory at 0xd070bfc000 of 6024 bytes failed: 仅完成部分的 ReadProcessMemory 或 WriteProcessMemory 请求。 (0x12B)
[0128/163223.274:ERROR:process_memory_win.cc(73)] ReadMemory at 0x2211f310fe0 of 24180 bytes failed: 仅完成部分的 ReadProcessMemory 或 WriteProcessMemory 请求。 (0x12B)
[0128/163223.274:ERROR:process_memory_win.cc(73)] ReadMemory at 0x2211f316e60 of 1012 bytes failed: 仅完成部分的 ReadProcessMemory 或 WriteProcessMemory 请求。 (0x12B)
[0128/163223.274:ERROR:process_memory_win.cc(73)] ReadMemory at 0x2211f3174a8 of 106 bytes failed: 仅完成部分的 ReadProcessMemory 或 WriteProcessMemory 请求。 (0x12B)
[0128/163223.274:ERROR:process_memory_win.cc(73)] ReadMemory at 0x2211f317514 of 706 bytes failed: 仅完成部分的 ReadProcessMemory 或 WriteProcessMemory 请求。 (0x12B)
[0128/163223.274:ERROR:process_memory_win.cc(73)] ReadMemory at 0x2211f3177d8 of 106 bytes failed: 仅完成部分的 ReadProcessMemory 或 WriteProcessMemory 请求。 (0x12B)
[0128/163223.274:ERROR:process_memory_win.cc(73)] ReadMemory at 0x2211f317844 of 96 bytes failed: 仅完成部分的 ReadProcessMemory 或 WriteProcessMemory 请求。 (0x12B)
[0128/163223.274:ERROR:process_memory_win.cc(73)] ReadMemory at 0x2211f3178b0 of 58 bytes failed: 仅完成部分的 ReadProcessMemory 或 WriteProcessMemory 请求。 (0x12B)
[0128/163223.274:ERROR:process_memory_win.cc(73)] ReadMemory at 0x2211f3179b0 of 132 bytes failed: 仅完成部分的 ReadProcessMemory 或 WriteProcessMemory 请求。 (0x12B)
[0128/163223.274:ERROR:process_memory_win.cc(73)] ReadMemory at 0x2211f317b40 of 132 bytes failed: 仅完成部分的 ReadProcessMemory 或 WriteProcessMemory 请求。 (0x12B)
[0128/163223.275:ERROR:process_memory_win.cc(73)] ReadMemory at 0x2211f317d00 of 114 bytes failed: 仅完成部分的 ReadProcessMemory 或 WriteProcessMemory 请求。 (0x12B)
[0128/163223.275:ERROR:process_memory_win.cc(73)] ReadMemory at 0x2211f318210 of 132 bytes failed: 仅完成部分的 ReadProcessMemory 或 WriteProcessMemory 请求。 (0x12B)
[0128/163223.275:ERROR:process_memory_win.cc(73)] ReadMemory at 0x2211f3183a0 of 64 bytes failed: 仅完成部分的 ReadProcessMemory 或 WriteProcessMemory 请求。 (0x12B)
[0128/163223.275:ERROR:process_memory_win.cc(73)] ReadMemory at 0x2211f318550 of 132 bytes failed: 仅完成部分的 ReadProcessMemory 或 WriteProcessMemory 请求。 (0x12B)
[0128/163223.275:ERROR:process_memory_win.cc(73)] ReadMemory at 0x2211f318820 of 132 bytes failed: 仅完成部分的 ReadProcessMemory 或 WriteProcessMemory 请求。 (0x12B)
[0128/163223.275:ERROR:process_memory_win.cc(73)] ReadMemory at 0x2211f3189b0 of 68 bytes failed: 仅完成部分的 ReadProcessMemory 或 WriteProcessMemory 请求。 (0x12B)
[0128/163223.275:ERROR:process_memory_win.cc(73)] ReadMemory at 0x2211f319a00 of 132 bytes failed: 仅完成部分的 ReadProcessMemory 或 WriteProcessMemory 请求。 (0x12B)
[0128/163223.275:ERROR:process_memory_win.cc(73)] ReadMemory at 0x2211f319b30 of 142 bytes failed: 仅完成部分的 ReadProcessMemory 或 WriteProcessMemory 请求。 (0x12B)
[0128/163223.275:ERROR:process_memory_win.cc(73)] ReadMemory at 0x2211f31a220 of 62 bytes failed: 仅完成部分的 ReadProcessMemory 或 WriteProcessMemory 请求。 (0x12B)
[0128/163223.275:ERROR:process_memory_win.cc(73)] ReadMemory at 0x2211f31a9b0 of 132 bytes failed: 仅完成部分的 ReadProcessMemory 或 WriteProcessMemory 请求。 (0x12B)
[0128/163223.275:ERROR:process_memory_win.cc(73)] ReadMemory at 0x2211f31ab40 of 60 bytes failed: 仅完成部分的 ReadProcessMemory 或 WriteProcessMemory 请求。 (0x12B)
[0128/163223.275:ERROR:process_memory_win.cc(73)] ReadMemory at 0x2211f324f81 of 512 bytes failed: 仅完成部分的 ReadProcessMemory 或 WriteProcessMemory 请求。 (0x12B)
[0128/163223.275:ERROR:process_memory_win.cc(73)] ReadMemory at 0x2211f32d510 of 80 bytes failed: 仅完成部分的 ReadProcessMemory 或 WriteProcessMemory 请求。 (0x12B)
[0128/163223.275:ERROR:process_memory_win.cc(73)] ReadMemory at 0x2211f3336a0 of 132 bytes failed: 仅完成部分的 ReadProcessMemory 或 WriteProcessMemory 请求。 (0x12B)
[0128/163223.275:ERROR:process_memory_win.cc(73)] ReadMemory at 0x2211f333900 of 132 bytes failed: 仅完成部分的 ReadProcessMemory 或 WriteProcessMemory 请求。 (0x12B)
[0128/163223.275:ERROR:process_memory_win.cc(73)] ReadMemory at 0x2211f333ef0 of 132 bytes failed: 仅完成部分的 ReadProcessMemory 或 WriteProcessMemory 请求。 (0x12B)
[0128/163223.275:ERROR:process_memory_win.cc(73)] ReadMemory at 0x2211f336d00 of 132 bytes failed: 仅完成部分的 ReadProcessMemory 或 WriteProcessMemory 请求。 (0x12B)
[0128/163223.275:ERROR:process_memory_win.cc(73)] ReadMemory at 0x2211f336f10 of 132 bytes failed: 仅完成部分的 ReadProcessMemory 或 WriteProcessMemory 请求。 (0x12B)
[0128/163223.275:ERROR:process_memory_win.cc(73)] ReadMemory at 0x2211f3382d0 of 134 bytes failed: 仅完成部分的 ReadProcessMemory 或 WriteProcessMemory 请求。 (0x12B)
[0128/163223.275:ERROR:process_memory_win.cc(73)] ReadMemory at 0x2211f339ff0 of 132 bytes failed: 仅完成部分的 ReadProcessMemory 或 WriteProcessMemory 请求。 (0x12B)
[0128/163223.275:ERROR:process_memory_win.cc(73)] ReadMemory at 0x2211f33a120 of 132 bytes failed: 仅完成部分的 ReadProcessMemory 或 WriteProcessMemory 请求。 (0x12B)
[0128/163223.276:ERROR:process_memory_win.cc(73)] ReadMemory at 0x2211f33a250 of 132 bytes failed: 仅完成部分的 ReadProcessMemory 或 WriteProcessMemory 请求。 (0x12B)
[0128/163223.276:ERROR:process_memory_win.cc(73)] ReadMemory at 0x2211f33a380 of 132 bytes failed: 仅完成部分的 ReadProcessMemory 或 WriteProcessMemory 请求。 (0x12B)
[0128/163223.276:ERROR:process_memory_win.cc(73)] ReadMemory at 0x2211f33a4b0 of 132 bytes failed: 仅完成部分的 ReadProcessMemory 或 WriteProcessMemory 请求。 (0x12B)
[0128/163223.276:ERROR:process_memory_win.cc(73)] ReadMemory at 0x2211f33a5e0 of 132 bytes failed: 仅完成部分的 ReadProcessMemory 或 WriteProcessMemory 请求。 (0x12B)
[0128/163223.276:ERROR:process_memory_win.cc(73)] ReadMemory at 0x2211f33a710 of 132 bytes failed: 仅完成部分的 ReadProcessMemory 或 WriteProcessMemory 请求。 (0x12B)
[0128/163223.276:ERROR:process_memory_win.cc(73)] ReadMemory at 0x2211f33a840 of 132 bytes failed: 仅完成部分的 ReadProcessMemory 或 WriteProcessMemory 请求。 (0x12B)
[0128/163223.276:ERROR:process_memory_win.cc(73)] ReadMemory at 0x2211f33a970 of 132 bytes failed: 仅完成部分的 ReadProcessMemory 或 WriteProcessMemory 请求。 (0x12B)
[0128/163223.276:ERROR:process_memory_win.cc(73)] ReadMemory at 0x2211f33aaa0 of 132 bytes failed: 仅完成部分的 ReadProcessMemory 或 WriteProcessMemory 请求。 (0x12B)
[0128/163223.276:ERROR:process_memory_win.cc(73)] ReadMemory at 0x2211f33abd0 of 132 bytes failed: 仅完成部分的 ReadProcessMemory 或 WriteProcessMemory 请求。 (0x12B)
[0128/163223.276:ERROR:process_memory_win.cc(73)] ReadMemory at 0x2211f33ad00 of 132 bytes failed: 仅完成部分的 ReadProcessMemory 或 WriteProcessMemory 请求。 (0x12B)
[0128/163223.276:ERROR:process_memory_win.cc(73)] ReadMemory at 0x2211f33ae30 of 132 bytes failed: 仅完成部分的 ReadProcessMemory 或 WriteProcessMemory 请求。 (0x12B)
[0128/163223.276:ERROR:process_memory_win.cc(73)] ReadMemory at 0x2211f33b050 of 64 bytes failed: 仅完成部分的 ReadProcessMemory 或 WriteProcessMemory 请求。 (0x12B)
[0128/163223.276:ERROR:process_memory_win.cc(73)] ReadMemory at 0x2211f33b0f0 of 64 bytes failed: 仅完成部分的 ReadProcessMemory 或 WriteProcessMemory 请求。 (0x12B)
[0128/163223.276:ERROR:process_memory_win.cc(73)] ReadMemory at 0x2211f33b140 of 58 bytes failed: 仅完成部分的 ReadProcessMemory 或 WriteProcessMemory 请求。 (0x12B)
[0128/163223.276:ERROR:process_memory_win.cc(73)] ReadMemory at 0x2211f33b230 of 62 bytes failed: 仅完成部分的 ReadProcessMemory 或 WriteProcessMemory 请求。 (0x12B)
[0128/163223.276:ERROR:process_memory_win.cc(73)] ReadMemory at 0x2211f33b280 of 62 bytes failed: 仅完成部分的 ReadProcessMemory 或 WriteProcessMemory 请求。 (0x12B)
[0128/163223.276:ERROR:process_memory_win.cc(73)] ReadMemory at 0x2211f33b2d0 of 60 bytes failed: 仅完成部分的 ReadProcessMemory 或 WriteProcessMemory 请求。 (0x12B)
[0128/163223.276:ERROR:process_memory_win.cc(73)] ReadMemory at 0x2211f33b320 of 62 bytes failed: 仅完成部分的 ReadProcessMemory 或 WriteProcessMemory 请求。 (0x12B)
[0128/163223.276:ERROR:process_memory_win.cc(73)] ReadMemory at 0x2211f33b370 of 62 bytes failed: 仅完成部分的 ReadProcessMemory 或 WriteProcessMemory 请求。 (0x12B)
[0128/163223.276:ERROR:process_memory_win.cc(73)] ReadMemory at 0x2211f33b410 of 62 bytes failed: 仅完成部分的 ReadProcessMemory 或 WriteProcessMemory 请求。 (0x12B)
[0128/163223.276:ERROR:process_memory_win.cc(73)] ReadMemory at 0x2211f33b460 of 62 bytes failed: 仅完成部分的 ReadProcessMemory 或 WriteProcessMemory 请求。 (0x12B)
[0128/163223.277:ERROR:process_memory_win.cc(73)] ReadMemory at 0x2211f33b4b0 of 64 bytes failed: 仅完成部分的 ReadProcessMemory 或 WriteProcessMemory 请求。 (0x12B)
[0128/163223.277:ERROR:process_memory_win.cc(73)] ReadMemory at 0x2211f33b500 of 66 bytes failed: 仅完成部分的 ReadProcessMemory 或 WriteProcessMemory 请求。 (0x12B)
[0128/163223.277:ERROR:process_memory_win.cc(73)] ReadMemory at 0x2211f33b5a0 of 64 bytes failed: 仅完成部分的 ReadProcessMemory 或 WriteProcessMemory 请求。 (0x12B)
[0128/163223.277:ERROR:process_memory_win.cc(73)] ReadMemory at 0x2211f33b6e0 of 64 bytes failed: 仅完成部分的 ReadProcessMemory 或 WriteProcessMemory 请求。 (0x12B)
[0128/163223.277:ERROR:process_memory_win.cc(73)] ReadMemory at 0x2211f33b730 of 64 bytes failed: 仅完成部分的 ReadProcessMemory 或 WriteProcessMemory 请求。 (0x12B)
[0128/163223.277:ERROR:process_memory_win.cc(73)] ReadMemory at 0x2211f33b820 of 64 bytes failed: 仅完成部分的 ReadProcessMemory 或 WriteProcessMemory 请求。 (0x12B)
[0128/163223.277:ERROR:process_memory_win.cc(73)] ReadMemory at 0x2211f33b870 of 62 bytes failed: 仅完成部分的 ReadProcessMemory 或 WriteProcessMemory 请求。 (0x12B)
[0128/163223.277:ERROR:process_memory_win.cc(73)] ReadMemory at 0x2211f33b960 of 60 bytes failed: 仅完成部分的 ReadProcessMemory 或 WriteProcessMemory 请求。 (0x12B)
[0128/163223.277:ERROR:process_memory_win.cc(73)] ReadMemory at 0x2211f33b9b0 of 62 bytes failed: 仅完成部分的 ReadProcessMemory 或 WriteProcessMemory 请求。 (0x12B)
[0128/163223.277:ERROR:process_memory_win.cc(73)] ReadMemory at 0x2211f33bbe0 of 62 bytes failed: 仅完成部分的 ReadProcessMemory 或 WriteProcessMemory 请求。 (0x12B)
[0128/163223.277:ERROR:process_memory_win.cc(73)] ReadMemory at 0x2211f33be60 of 60 bytes failed: 仅完成部分的 ReadProcessMemory 或 WriteProcessMemory 请求。 (0x12B)
[0128/163223.277:ERROR:process_memory_win.cc(73)] ReadMemory at 0x2211f33f270 of 132 bytes failed: 仅完成部分的 ReadProcessMemory 或 WriteProcessMemory 请求。 (0x12B)
[0128/163223.277:ERROR:process_memory_win.cc(73)] ReadMemory at 0x2211f340a60 of 132 bytes failed: 仅完成部分的 ReadProcessMemory 或 WriteProcessMemory 请求。 (0x12B)
[0128/163223.277:ERROR:process_memory_win.cc(73)] ReadMemory at 0x2211f340b90 of 132 bytes failed: 仅完成部分的 ReadProcessMemory 或 WriteProcessMemory 请求。 (0x12B)
[0128/163223.277:ERROR:process_memory_win.cc(73)] ReadMemory at 0x2211f341d80 of 132 bytes failed: 仅完成部分的 ReadProcessMemory 或 WriteProcessMemory 请求。 (0x12B)
[0128/163223.277:ERROR:process_memory_win.cc(73)] ReadMemory at 0x2211f3420d0 of 132 bytes failed: 仅完成部分的 ReadProcessMemory 或 WriteProcessMemory 请求。 (0x12B)
[0128/163223.277:ERROR:process_memory_win.cc(73)] ReadMemory at 0x2211f3449b0 of 132 bytes failed: 仅完成部分的 ReadProcessMemory 或 WriteProcessMemory 请求。 (0x12B)
[0128/163223.277:ERROR:process_memory_win.cc(73)] ReadMemory at 0x2211f344cd0 of 132 bytes failed: 仅完成部分的 ReadProcessMemory 或 WriteProcessMemory 请求。 (0x12B)
[0128/163223.277:ERROR:process_memory_win.cc(73)] ReadMemory at 0x2211f349d40 of 60 bytes failed: 仅完成部分的 ReadProcessMemory 或 WriteProcessMemory 请求。 (0x12B)
[0128/163223.277:ERROR:process_memory_win.cc(73)] ReadMemory at 0x2211f34a7b0 of 80 bytes failed: 仅完成部分的 ReadProcessMemory 或 WriteProcessMemory 请求。 (0x12B)
[0128/163223.277:ERROR:process_memory_win.cc(73)] ReadMemory at 0x2211f357fe0 of 512 bytes failed: 仅完成部分的 ReadProcessMemory 或 WriteProcessMemory 请求。 (0x12B)
[0128/163223.277:ERROR:process_memory_win.cc(73)] ReadMemory at 0x2211f39d710 of 512 bytes failed: 仅完成部分的 ReadProcessMemory 或 WriteProcessMemory 请求。 (0x12B)
[0128/163223.278:ERROR:process_memory_win.cc(73)] ReadMemory at 0x2211f3abe60 of 512 bytes failed: 仅完成部分的 ReadProcessMemory 或 WriteProcessMemory 请求。 (0x12B)
[0128/163223.278:ERROR:process_memory_win.cc(73)] ReadMemory at 0x2211f3aca30 of 560 bytes failed: 仅完成部分的 ReadProcessMemory 或 WriteProcessMemory 请求。 (0x12B)
[0128/163223.278:ERROR:process_memory_win.cc(73)] ReadMemory at 0x2211f3ba6a0 of 712 bytes failed: 仅完成部分的 ReadProcessMemory 或 WriteProcessMemory 请求。 (0x12B)
[0128/163223.278:ERROR:process_memory_win.cc(73)] ReadMemory at 0x2211f3d0d60 of 512 bytes failed: 仅完成部分的 ReadProcessMemory 或 WriteProcessMemory 请求。 (0x12B)
[0128/163223.278:ERROR:process_memory_win.cc(73)] ReadMemory at 0x2211f3da150 of 528 bytes failed: 仅完成部分的 ReadProcessMemory 或 WriteProcessMemory 请求。 (0x12B)
[0128/163223.278:ERROR:process_memory_win.cc(73)] ReadMemory at 0x2211f3dab30 of 512 bytes failed: 仅完成部分的 ReadProcessMemory 或 WriteProcessMemory 请求。 (0x12B)
[0128/163223.278:ERROR:process_memory_win.cc(73)] ReadMemory at 0x2211f3e5e10 of 512 bytes failed: 仅完成部分的 ReadProcessMemory 或 WriteProcessMemory 请求。 (0x12B)
[0128/163223.278:ERROR:process_memory_win.cc(73)] ReadMemory at 0x2211f3e6540 of 512 bytes failed: 仅完成部分的 ReadProcessMemory 或 WriteProcessMemory 请求。 (0x12B)
[0128/163223.278:ERROR:process_memory_win.cc(73)] ReadMemory at 0x2211f3f7ad0 of 512 bytes failed: 仅完成部分的 ReadProcessMemory 或 WriteProcessMemory 请求。 (0x12B)
[0128/163223.278:ERROR:process_memory_win.cc(73)] ReadMemory at 0x2211f521000 of 512 bytes failed: 仅完成部分的 ReadProcessMemory 或 WriteProcessMemory 请求。 (0x12B)
[0128/163223.278:ERROR:process_memory_win.cc(73)] ReadMemory at 0x22120ea0000 of 384 bytes failed: 仅完成部分的 ReadProcessMemory 或 WriteProcessMemory 请求。 (0x12B)
[0128/163223.278:ERROR:process_memory_win.cc(73)] ReadMemory at 0x22120ec9680 of 512 bytes failed: 仅完成部分的 ReadProcessMemory 或 WriteProcessMemory 请求。 (0x12B)
[0128/163223.278:ERROR:process_memory_win.cc(73)] ReadMemory at 0x22120f96070 of 512 bytes failed: 仅完成部分的 ReadProcessMemory 或 WriteProcessMemory 请求。 (0x12B)
[0128/163223.278:ERROR:process_memory_win.cc(73)] ReadMemory at 0x22120f98e10 of 512 bytes failed: 仅完成部分的 ReadProcessMemory 或 WriteProcessMemory 请求。 (0x12B)
[0128/163223.278:ERROR:process_memory_win.cc(73)] ReadMemory at 0x221210371c8 of 512 bytes failed: 仅完成部分的 ReadProcessMemory 或 WriteProcessMemory 请求。 (0x12B)
[0128/163223.278:ERROR:process_memory_win.cc(73)] ReadMemory at 0x22121060d40 of 512 bytes failed: 仅完成部分的 ReadProcessMemory 或 WriteProcessMemory 请求。 (0x12B)
[0128/163223.278:ERROR:process_memory_win.cc(73)] ReadMemory at 0x22121092780 of 536 bytes failed: 仅完成部分的 ReadProcessMemory 或 WriteProcessMemory 请求。 (0x12B)
[0128/163223.278:ERROR:process_memory_win.cc(73)] ReadMemory at 0x22121093b90 of 512 bytes failed: 仅完成部分的 ReadProcessMemory 或 WriteProcessMemory 请求。 (0x12B)
[0128/163223.278:ERROR:process_memory_win.cc(73)] ReadMemory at 0x2212109cb50 of 512 bytes failed: 仅完成部分的 ReadProcessMemory 或 WriteProcessMemory 请求。 (0x12B)
[0128/163223.278:ERROR:process_memory_win.cc(73)] ReadMemory at 0x22121119480 of 512 bytes failed: 仅完成部分的 ReadProcessMemory 或 WriteProcessMemory 请求。 (0x12B)
[0128/163223.278:ERROR:process_memory_win.cc(73)] ReadMemory at 0x7ffd712604b0 of 512 bytes failed: 仅完成部分的 ReadProcessMemory 或 WriteProcessMemory 请求。 (0x12B)
[0128/163223.278:ERROR:process_memory_win.cc(73)] ReadMemory at 0x7ffd71829d07 of 512 bytes failed: 仅完成部分的 ReadProcessMemory 或 WriteProcessMemory 请求。 (0x12B)
[0128/163223.278:ERROR:process_memory_win.cc(73)] ReadMemory at 0x7ffd741c61cf of 512 bytes failed: 仅完成部分的 ReadProcessMemory 或 WriteProcessMemory 请求。 (0x12B)
[0128/163223.278:ERROR:process_memory_win.cc(73)] ReadMemory at 0x7ffde84de748 of 512 bytes failed: 仅完成部分的 ReadProcessMemory 或 WriteProcessMemory 请求。 (0x12B)
[0128/163223.279:ERROR:process_memory_win.cc(73)] ReadMemory at 0x7ffde91d4a50 of 512 bytes failed: 仅完成部分的 ReadProcessMemory 或 WriteProcessMemory 请求。 (0x12B)
[0128/163223.279:ERROR:process_memory_win.cc(73)] ReadMemory at 0x7ffdea80bfb4 of 512 bytes failed: 仅完成部分的 ReadProcessMemory 或 WriteProcessMemory 请求。 (0x12B)
[0128/163223.279:ERROR:process_memory_win.cc(73)] ReadMemory at 0x7ffdea80c5b4 of 512 bytes failed: 仅完成部分的 ReadProcessMemory 或 WriteProcessMemory 请求。 (0x12B)
[0128/163223.279:ERROR:process_memory_win.cc(73)] ReadMemory at 0x7ffdea80f924 of 608 bytes failed: 仅完成部分的 ReadProcessMemory 或 WriteProcessMemory 请求。 (0x12B)
[0128/163223.279:ERROR:process_memory_win.cc(73)] ReadMemory at 0x7ffdea8a0a00 of 18 bytes failed: 仅完成部分的 ReadProcessMemory 或 WriteProcessMemory 请求。 (0x12B)
[0128/163223.279:ERROR:process_memory_win.cc(73)] ReadMemory at 0x7ffdea8d54f8 of 40 bytes failed: 仅完成部分的 ReadProcessMemory 或 WriteProcessMemory 请求。 (0x12B)
[0128/163223.279:ERROR:process_memory_win.cc(73)] ReadMemory at 0x7ffdea8d5978 of 48 bytes failed: 仅完成部分的 ReadProcessMemory 或 WriteProcessMemory 请求。 (0x12B)
[0128/163223.279:ERROR:process_memory_win.cc(73)] ReadMemory at 0x7ffdea8db4c0 of 64 bytes failed: 仅完成部分的 ReadProcessMemory 或 WriteProcessMemory 请求。 (0x12B)
[0128/163223.281:ERROR:scoped_process_suspend.cc(40)] NtResumeProcess: 已尝试访问正在退出的过程。 (0xc000010a)
[0315/112648.930:ERROR:registration_protocol_win.cc(130)] TransactNamedPipe: 管道已结束。 (0x6D)
[0316/093548.455:ERROR:registration_protocol_win.cc(130)] TransactNamedPipe: 管道已结束。 (0x6D)
[0317/095634.946:ERROR:registration_protocol_win.cc(130)] TransactNamedPipe: 管道已结束。 (0x6D)
[0322/113912.383:ERROR:registration_protocol_win.cc(130)] TransactNamedPipe: 管道已结束。 (0x6D)
[0322/113950.841:ERROR:registration_protocol_win.cc(130)] TransactNamedPipe: 管道已结束。 (0x6D)
